[ 2016-12-20T00:04:41+08:00 ] ::1 /NewWorld/FEBE-mongodb/BackEnd/
INFO: [ app_init ] --START--
INFO: Run Behavior\BuildLiteBehavior [ RunTime:0.000015s ]
INFO: [ app_init ] --END-- [ RunTime:0.000709s ]
INFO: [ app_begin ] --START--
INFO: Run Behavior\ReadHtmlCacheBehavior [ RunTime:0.000771s ]
INFO: [ app_begin ] --END-- [ RunTime:0.000821s ]
NOTIC: [2048] Declaration of Think\Db\Driver\Mongo::connect() should be compatible with Think\Db\Driver::connect($config = '', $linkNum = 0, $autoConnection = false) F:\xampp\htdocs\NewWorld\FEBE-mongodb\BackEnd\ThinkPHP\Library\Think\Db\Driver\Mongo.class.php ç¬¬ 18 è¡Œ.
NOTIC: [2048] Declaration of Think\Db\Driver\Mongo::insertAll() should be compatible with Think\Db\Driver::insertAll($dataSet, $options = Array, $replace = false) F:\xampp\htdocs\NewWorld\FEBE-mongodb\BackEnd\ThinkPHP\Library\Think\Db\Driver\Mongo.class.php ç¬¬ 18 è¡Œ.

[ 2016-12-20T00:06:00+08:00 ] ::1 /NewWorld/FEBE-mongodb/BackEnd/
INFO: [ app_init ] --START--
INFO: Run Behavior\BuildLiteBehavior [ RunTime:0.000014s ]
INFO: [ app_init ] --END-- [ RunTime:0.000531s ]
INFO: [ app_begin ] --START--
INFO: Run Behavior\ReadHtmlCacheBehavior [ RunTime:0.000779s ]
INFO: [ app_begin ] --END-- [ RunTime:0.000853s ]
NOTIC: [2048] Declaration of Think\Db\Driver\Mongo::connect() should be compatible with Think\Db\Driver::connect($config = '', $linkNum = 0, $autoConnection = false) F:\xampp\htdocs\NewWorld\FEBE-mongodb\BackEnd\ThinkPHP\Library\Think\Db\Driver\Mongo.class.php ç¬¬ 18 è¡Œ.
NOTIC: [2048] Declaration of Think\Db\Driver\Mongo::insertAll() should be compatible with Think\Db\Driver::insertAll($dataSet, $options = Array, $replace = false) F:\xampp\htdocs\NewWorld\FEBE-mongodb\BackEnd\ThinkPHP\Library\Think\Db\Driver\Mongo.class.php ç¬¬ 18 è¡Œ.

[ 2016-12-20T00:09:56+08:00 ] ::1 /NewWorld/FEBE-mongodb/BackEnd/
INFO: [ app_init ] --START--
INFO: Run Behavior\BuildLiteBehavior [ RunTime:0.000013s ]
INFO: [ app_init ] --END-- [ RunTime:0.000565s ]
INFO: [ app_begin ] --START--
INFO: Run Behavior\ReadHtmlCacheBehavior [ RunTime:0.000974s ]
INFO: [ app_begin ] --END-- [ RunTime:0.001038s ]
NOTIC: [2048] Declaration of Think\Db\Driver\Mongo::connect() should be compatible with Think\Db\Driver::connect($config = '', $linkNum = 0, $autoConnection = false) F:\xampp\htdocs\NewWorld\FEBE-mongodb\BackEnd\ThinkPHP\Library\Think\Db\Driver\Mongo.class.php ç¬¬ 18 è¡Œ.
NOTIC: [2048] Declaration of Think\Db\Driver\Mongo::insertAll() should be compatible with Think\Db\Driver::insertAll($dataSet, $options = Array, $replace = false) F:\xampp\htdocs\NewWorld\FEBE-mongodb\BackEnd\ThinkPHP\Library\Think\Db\Driver\Mongo.class.php ç¬¬ 18 è¡Œ.

[ 2016-12-20T00:09:58+08:00 ] ::1 /NewWorld/FEBE-mongodb/BackEnd/
INFO: [ app_init ] --START--
INFO: Run Behavior\BuildLiteBehavior [ RunTime:0.000014s ]
INFO: [ app_init ] --END-- [ RunTime:0.000522s ]
INFO: [ app_begin ] --START--
INFO: Run Behavior\ReadHtmlCacheBehavior [ RunTime:0.000588s ]
INFO: [ app_begin ] --END-- [ RunTime:0.000637s ]
NOTIC: [2048] Declaration of Think\Db\Driver\Mongo::connect() should be compatible with Think\Db\Driver::connect($config = '', $linkNum = 0, $autoConnection = false) F:\xampp\htdocs\NewWorld\FEBE-mongodb\BackEnd\ThinkPHP\Library\Think\Db\Driver\Mongo.class.php ç¬¬ 18 è¡Œ.
NOTIC: [2048] Declaration of Think\Db\Driver\Mongo::insertAll() should be compatible with Think\Db\Driver::insertAll($dataSet, $options = Array, $replace = false) F:\xampp\htdocs\NewWorld\FEBE-mongodb\BackEnd\ThinkPHP\Library\Think\Db\Driver\Mongo.class.php ç¬¬ 18 è¡Œ.

[ 2016-12-20T00:09:58+08:00 ] ::1 /NewWorld/FEBE-mongodb/BackEnd/
INFO: [ app_init ] --START--
INFO: Run Behavior\BuildLiteBehavior [ RunTime:0.000013s ]
INFO: [ app_init ] --END-- [ RunTime:0.000470s ]
INFO: [ app_begin ] --START--
INFO: Run Behavior\ReadHtmlCacheBehavior [ RunTime:0.000617s ]
INFO: [ app_begin ] --END-- [ RunTime:0.000676s ]
NOTIC: [2048] Declaration of Think\Db\Driver\Mongo::connect() should be compatible with Think\Db\Driver::connect($config = '', $linkNum = 0, $autoConnection = false) F:\xampp\htdocs\NewWorld\FEBE-mongodb\BackEnd\ThinkPHP\Library\Think\Db\Driver\Mongo.class.php ç¬¬ 18 è¡Œ.
NOTIC: [2048] Declaration of Think\Db\Driver\Mongo::insertAll() should be compatible with Think\Db\Driver::insertAll($dataSet, $options = Array, $replace = false) F:\xampp\htdocs\NewWorld\FEBE-mongodb\BackEnd\ThinkPHP\Library\Think\Db\Driver\Mongo.class.php ç¬¬ 18 è¡Œ.

[ 2016-12-20T00:09:58+08:00 ] ::1 /NewWorld/FEBE-mongodb/BackEnd/
INFO: [ app_init ] --START--
INFO: Run Behavior\BuildLiteBehavior [ RunTime:0.000016s ]
INFO: [ app_init ] --END-- [ RunTime:0.000566s ]
INFO: [ app_begin ] --START--
INFO: Run Behavior\ReadHtmlCacheBehavior [ RunTime:0.000725s ]
INFO: [ app_begin ] --END-- [ RunTime:0.000794s ]
NOTIC: [2048] Declaration of Think\Db\Driver\Mongo::connect() should be compatible with Think\Db\Driver::connect($config = '', $linkNum = 0, $autoConnection = false) F:\xampp\htdocs\NewWorld\FEBE-mongodb\BackEnd\ThinkPHP\Library\Think\Db\Driver\Mongo.class.php ç¬¬ 18 è¡Œ.
NOTIC: [2048] Declaration of Think\Db\Driver\Mongo::insertAll() should be compatible with Think\Db\Driver::insertAll($dataSet, $options = Array, $replace = false) F:\xampp\htdocs\NewWorld\FEBE-mongodb\BackEnd\ThinkPHP\Library\Think\Db\Driver\Mongo.class.php ç¬¬ 18 è¡Œ.

[ 2016-12-20T00:09:58+08:00 ] ::1 /NewWorld/FEBE-mongodb/BackEnd/
INFO: [ app_init ] --START--
INFO: Run Behavior\BuildLiteBehavior [ RunTime:0.000015s ]
INFO: [ app_init ] --END-- [ RunTime:0.000513s ]
INFO: [ app_begin ] --START--
INFO: Run Behavior\ReadHtmlCacheBehavior [ RunTime:0.000581s ]
INFO: [ app_begin ] --END-- [ RunTime:0.000631s ]
NOTIC: [2048] Declaration of Think\Db\Driver\Mongo::connect() should be compatible with Think\Db\Driver::connect($config = '', $linkNum = 0, $autoConnection = false) F:\xampp\htdocs\NewWorld\FEBE-mongodb\BackEnd\ThinkPHP\Library\Think\Db\Driver\Mongo.class.php ç¬¬ 18 è¡Œ.
NOTIC: [2048] Declaration of Think\Db\Driver\Mongo::insertAll() should be compatible with Think\Db\Driver::insertAll($dataSet, $options = Array, $replace = false) F:\xampp\htdocs\NewWorld\FEBE-mongodb\BackEnd\ThinkPHP\Library\Think\Db\Driver\Mongo.class.php ç¬¬ 18 è¡Œ.

[ 2016-12-20T00:09:58+08:00 ] ::1 /NewWorld/FEBE-mongodb/BackEnd/
INFO: [ app_init ] --START--
INFO: Run Behavior\BuildLiteBehavior [ RunTime:0.000013s ]
INFO: [ app_init ] --END-- [ RunTime:0.000486s ]
INFO: [ app_begin ] --START--
INFO: Run Behavior\ReadHtmlCacheBehavior [ RunTime:0.000600s ]
INFO: [ app_begin ] --END-- [ RunTime:0.000653s ]
NOTIC: [2048] Declaration of Think\Db\Driver\Mongo::connect() should be compatible with Think\Db\Driver::connect($config = '', $linkNum = 0, $autoConnection = false) F:\xampp\htdocs\NewWorld\FEBE-mongodb\BackEnd\ThinkPHP\Library\Think\Db\Driver\Mongo.class.php ç¬¬ 18 è¡Œ.
NOTIC: [2048] Declaration of Think\Db\Driver\Mongo::insertAll() should be compatible with Think\Db\Driver::insertAll($dataSet, $options = Array, $replace = false) F:\xampp\htdocs\NewWorld\FEBE-mongodb\BackEnd\ThinkPHP\Library\Think\Db\Driver\Mongo.class.php ç¬¬ 18 è¡Œ.

[ 2016-12-20T00:09:58+08:00 ] ::1 /NewWorld/FEBE-mongodb/BackEnd/
INFO: [ app_init ] --START--
INFO: Run Behavior\BuildLiteBehavior [ RunTime:0.000013s ]
INFO: [ app_init ] --END-- [ RunTime:0.000492s ]
INFO: [ app_begin ] --START--
INFO: Run Behavior\ReadHtmlCacheBehavior [ RunTime:0.000586s ]
INFO: [ app_begin ] --END-- [ RunTime:0.000641s ]
NOTIC: [2048] Declaration of Think\Db\Driver\Mongo::connect() should be compatible with Think\Db\Driver::connect($config = '', $linkNum = 0, $autoConnection = false) F:\xampp\htdocs\NewWorld\FEBE-mongodb\BackEnd\ThinkPHP\Library\Think\Db\Driver\Mongo.class.php ç¬¬ 18 è¡Œ.
NOTIC: [2048] Declaration of Think\Db\Driver\Mongo::insertAll() should be compatible with Think\Db\Driver::insertAll($dataSet, $options = Array, $replace = false) F:\xampp\htdocs\NewWorld\FEBE-mongodb\BackEnd\ThinkPHP\Library\Think\Db\Driver\Mongo.class.php ç¬¬ 18 è¡Œ.

[ 2016-12-20T00:09:58+08:00 ] ::1 /NewWorld/FEBE-mongodb/BackEnd/
INFO: [ app_init ] --START--
INFO: Run Behavior\BuildLiteBehavior [ RunTime:0.000014s ]
INFO: [ app_init ] --END-- [ RunTime:0.000478s ]
INFO: [ app_begin ] --START--
INFO: Run Behavior\ReadHtmlCacheBehavior [ RunTime:0.000771s ]
INFO: [ app_begin ] --END-- [ RunTime:0.000837s ]
NOTIC: [2048] Declaration of Think\Db\Driver\Mongo::connect() should be compatible with Think\Db\Driver::connect($config = '', $linkNum = 0, $autoConnection = false) F:\xampp\htdocs\NewWorld\FEBE-mongodb\BackEnd\ThinkPHP\Library\Think\Db\Driver\Mongo.class.php ç¬¬ 18 è¡Œ.
NOTIC: [2048] Declaration of Think\Db\Driver\Mongo::insertAll() should be compatible with Think\Db\Driver::insertAll($dataSet, $options = Array, $replace = false) F:\xampp\htdocs\NewWorld\FEBE-mongodb\BackEnd\ThinkPHP\Library\Think\Db\Driver\Mongo.class.php ç¬¬ 18 è¡Œ.

[ 2016-12-20T00:09:59+08:00 ] ::1 /NewWorld/FEBE-mongodb/BackEnd/
INFO: [ app_init ] --START--
INFO: Run Behavior\BuildLiteBehavior [ RunTime:0.000015s ]
INFO: [ app_init ] --END-- [ RunTime:0.000534s ]
INFO: [ app_begin ] --START--
INFO: Run Behavior\ReadHtmlCacheBehavior [ RunTime:0.000675s ]
INFO: [ app_begin ] --END-- [ RunTime:0.000741s ]
NOTIC: [2048] Declaration of Think\Db\Driver\Mongo::connect() should be compatible with Think\Db\Driver::connect($config = '', $linkNum = 0, $autoConnection = false) F:\xampp\htdocs\NewWorld\FEBE-mongodb\BackEnd\ThinkPHP\Library\Think\Db\Driver\Mongo.class.php ç¬¬ 18 è¡Œ.
NOTIC: [2048] Declaration of Think\Db\Driver\Mongo::insertAll() should be compatible with Think\Db\Driver::insertAll($dataSet, $options = Array, $replace = false) F:\xampp\htdocs\NewWorld\FEBE-mongodb\BackEnd\ThinkPHP\Library\Think\Db\Driver\Mongo.class.php ç¬¬ 18 è¡Œ.

[ 2016-12-20T00:10:16+08:00 ] ::1 /NewWorld/FEBE-mongodb/BackEnd/
INFO: [ app_init ] --START--
INFO: Run Behavior\BuildLiteBehavior [ RunTime:0.000012s ]
INFO: [ app_init ] --END-- [ RunTime:0.000477s ]
INFO: [ app_begin ] --START--
INFO: Run Behavior\ReadHtmlCacheBehavior [ RunTime:0.000585s ]
INFO: [ app_begin ] --END-- [ RunTime:0.000639s ]
INFO: [ app_end ] --START--
INFO: Run Behavior\ShowPageTraceBehavior [ RunTime:0.013536s ]
INFO: [ app_end ] --END-- [ RunTime:0.013609s ]

[ 2016-12-20T00:10:22+08:00 ] ::1 /NewWorld/FEBE-mongodb/BackEnd/
INFO: [ app_init ] --START--
INFO: Run Behavior\BuildLiteBehavior [ RunTime:0.000017s ]
INFO: [ app_init ] --END-- [ RunTime:0.000618s ]
INFO: [ app_begin ] --START--
INFO: Run Behavior\ReadHtmlCacheBehavior [ RunTime:0.000759s ]
INFO: [ app_begin ] --END-- [ RunTime:0.000839s ]
NOTIC: [2048] Declaration of Think\Db\Driver\Mongo::connect() should be compatible with Think\Db\Driver::connect($config = '', $linkNum = 0, $autoConnection = false) F:\xampp\htdocs\NewWorld\FEBE-mongodb\BackEnd\ThinkPHP\Library\Think\Db\Driver\Mongo.class.php ç¬¬ 18 è¡Œ.
NOTIC: [2048] Declaration of Think\Db\Driver\Mongo::insertAll() should be compatible with Think\Db\Driver::insertAll($dataSet, $options = Array, $replace = false) F:\xampp\htdocs\NewWorld\FEBE-mongodb\BackEnd\ThinkPHP\Library\Think\Db\Driver\Mongo.class.php ç¬¬ 18 è¡Œ.

[ 2016-12-20T00:11:47+08:00 ] ::1 /NewWorld/FEBE-mongodb/BackEnd/
INFO: [ app_init ] --START--
INFO: Run Behavior\BuildLiteBehavior [ RunTime:0.000014s ]
INFO: [ app_init ] --END-- [ RunTime:0.000486s ]
INFO: [ app_begin ] --START--
INFO: Run Behavior\ReadHtmlCacheBehavior [ RunTime:0.000594s ]
INFO: [ app_begin ] --END-- [ RunTime:0.000643s ]
NOTIC: [2048] Declaration of Think\Db\Driver\Mongo::connect() should be compatible with Think\Db\Driver::connect($config = '', $linkNum = 0, $autoConnection = false) F:\xampp\htdocs\NewWorld\FEBE-mongodb\BackEnd\ThinkPHP\Library\Think\Db\Driver\Mongo.class.php ç¬¬ 18 è¡Œ.
NOTIC: [2048] Declaration of Think\Db\Driver\Mongo::insertAll() should be compatible with Think\Db\Driver::insertAll($dataSet, $options = Array, $replace = false) F:\xampp\htdocs\NewWorld\FEBE-mongodb\BackEnd\ThinkPHP\Library\Think\Db\Driver\Mongo.class.php ç¬¬ 18 è¡Œ.

[ 2016-12-20T00:11:48+08:00 ] ::1 /NewWorld/FEBE-mongodb/BackEnd/
INFO: [ app_init ] --START--
INFO: Run Behavior\BuildLiteBehavior [ RunTime:0.000016s ]
INFO: [ app_init ] --END-- [ RunTime:0.000483s ]
INFO: [ app_begin ] --START--
INFO: Run Behavior\ReadHtmlCacheBehavior [ RunTime:0.000600s ]
INFO: [ app_begin ] --END-- [ RunTime:0.000649s ]
NOTIC: [2048] Declaration of Think\Db\Driver\Mongo::connect() should be compatible with Think\Db\Driver::connect($config = '', $linkNum = 0, $autoConnection = false) F:\xampp\htdocs\NewWorld\FEBE-mongodb\BackEnd\ThinkPHP\Library\Think\Db\Driver\Mongo.class.php ç¬¬ 18 è¡Œ.
NOTIC: [2048] Declaration of Think\Db\Driver\Mongo::insertAll() should be compatible with Think\Db\Driver::insertAll($dataSet, $options = Array, $replace = false) F:\xampp\htdocs\NewWorld\FEBE-mongodb\BackEnd\ThinkPHP\Library\Think\Db\Driver\Mongo.class.php ç¬¬ 18 è¡Œ.

[ 2016-12-20T00:11:48+08:00 ] ::1 /NewWorld/FEBE-mongodb/BackEnd/
INFO: [ app_init ] --START--
INFO: Run Behavior\BuildLiteBehavior [ RunTime:0.000014s ]
INFO: [ app_init ] --END-- [ RunTime:0.000621s ]
INFO: [ app_begin ] --START--
INFO: Run Behavior\ReadHtmlCacheBehavior [ RunTime:0.000615s ]
INFO: [ app_begin ] --END-- [ RunTime:0.000669s ]
NOTIC: [2048] Declaration of Think\Db\Driver\Mongo::connect() should be compatible with Think\Db\Driver::connect($config = '', $linkNum = 0, $autoConnection = false) F:\xampp\htdocs\NewWorld\FEBE-mongodb\BackEnd\ThinkPHP\Library\Think\Db\Driver\Mongo.class.php ç¬¬ 18 è¡Œ.
NOTIC: [2048] Declaration of Think\Db\Driver\Mongo::insertAll() should be compatible with Think\Db\Driver::insertAll($dataSet, $options = Array, $replace = false) F:\xampp\htdocs\NewWorld\FEBE-mongodb\BackEnd\ThinkPHP\Library\Think\Db\Driver\Mongo.class.php ç¬¬ 18 è¡Œ.

[ 2016-12-20T00:12:47+08:00 ] ::1 /NewWorld/FEBE-mongodb/BackEnd/
INFO: [ app_init ] --START--
INFO: Run Behavior\BuildLiteBehavior [ RunTime:0.000014s ]
INFO: [ app_init ] --END-- [ RunTime:0.000575s ]
INFO: [ app_begin ] --START--
INFO: Run Behavior\ReadHtmlCacheBehavior [ RunTime:0.000823s ]
INFO: [ app_begin ] --END-- [ RunTime:0.000891s ]
NOTIC: [2048] Declaration of Think\Db\Driver\Mongo::connect() should be compatible with Think\Db\Driver::connect($config = '', $linkNum = 0, $autoConnection = false) F:\xampp\htdocs\NewWorld\FEBE-mongodb\BackEnd\ThinkPHP\Library\Think\Db\Driver\Mongo.class.php ç¬¬ 18 è¡Œ.
NOTIC: [2048] Declaration of Think\Db\Driver\Mongo::insertAll() should be compatible with Think\Db\Driver::insertAll($dataSet, $options = Array, $replace = false) F:\xampp\htdocs\NewWorld\FEBE-mongodb\BackEnd\ThinkPHP\Library\Think\Db\Driver\Mongo.class.php ç¬¬ 18 è¡Œ.

[ 2016-12-20T00:12:48+08:00 ] ::1 /NewWorld/FEBE-mongodb/BackEnd/
INFO: [ app_init ] --START--
INFO: Run Behavior\BuildLiteBehavior [ RunTime:0.000013s ]
INFO: [ app_init ] --END-- [ RunTime:0.000491s ]
INFO: [ app_begin ] --START--
INFO: Run Behavior\ReadHtmlCacheBehavior [ RunTime:0.000582s ]
INFO: [ app_begin ] --END-- [ RunTime:0.000631s ]
NOTIC: [2048] Declaration of Think\Db\Driver\Mongo::connect() should be compatible with Think\Db\Driver::connect($config = '', $linkNum = 0, $autoConnection = false) F:\xampp\htdocs\NewWorld\FEBE-mongodb\BackEnd\ThinkPHP\Library\Think\Db\Driver\Mongo.class.php ç¬¬ 18 è¡Œ.
NOTIC: [2048] Declaration of Think\Db\Driver\Mongo::insertAll() should be compatible with Think\Db\Driver::insertAll($dataSet, $options = Array, $replace = false) F:\xampp\htdocs\NewWorld\FEBE-mongodb\BackEnd\ThinkPHP\Library\Think\Db\Driver\Mongo.class.php ç¬¬ 18 è¡Œ.

[ 2016-12-20T10:58:15+08:00 ] ::1 /NewWorld/FEBE-mongodb/BackEnd/
INFO: [ app_init ] --START--
INFO: Run Behavior\BuildLiteBehavior [ RunTime:0.000125s ]
INFO: [ app_init ] --END-- [ RunTime:0.047502s ]
INFO: [ app_begin ] --START--
INFO: Run Behavior\ReadHtmlCacheBehavior [ RunTime:0.001474s ]
INFO: [ app_begin ] --END-- [ RunTime:0.001576s ]
INFO: [ app_end ] --START--
INFO: Run Behavior\ShowPageTraceBehavior [ RunTime:0.017622s ]
INFO: [ app_end ] --END-- [ RunTime:0.017700s ]

[ 2016-12-20T10:59:04+08:00 ] ::1 /NewWorld/FEBE-mongodb/BackEnd/
INFO: [ app_init ] --START--
INFO: Run Behavior\BuildLiteBehavior [ RunTime:0.000018s ]
INFO: [ app_init ] --END-- [ RunTime:0.000562s ]
INFO: [ app_begin ] --START--
INFO: Run Behavior\ReadHtmlCacheBehavior [ RunTime:0.000670s ]
INFO: [ app_begin ] --END-- [ RunTime:0.000731s ]
NOTIC: [2048] Declaration of Think\Db\Driver\Mongo::connect() should be compatible with Think\Db\Driver::connect($config = '', $linkNum = 0, $autoConnection = false) F:\xampp\htdocs\NewWorld\FEBE-mongodb\BackEnd\ThinkPHP\Library\Think\Db\Driver\Mongo.class.php ç¬¬ 18 è¡Œ.
NOTIC: [2048] Declaration of Think\Db\Driver\Mongo::insertAll() should be compatible with Think\Db\Driver::insertAll($dataSet, $options = Array, $replace = false) F:\xampp\htdocs\NewWorld\FEBE-mongodb\BackEnd\ThinkPHP\Library\Think\Db\Driver\Mongo.class.php ç¬¬ 18 è¡Œ.
ERR: Failed to connect to: localhost:27017: ÓÉÓÚÄ¿±ê¼ÆËã»ú»ý¼«¾Ü¾ø£¬ÎÞ·¨Á¬½Ó¡£


[ 2016-12-20T10:59:24+08:00 ] ::1 /NewWorld/FEBE-mongodb/BackEnd/
INFO: [ app_init ] --START--
INFO: Run Behavior\BuildLiteBehavior [ RunTime:0.000017s ]
INFO: [ app_init ] --END-- [ RunTime:0.000546s ]
INFO: [ app_begin ] --START--
INFO: Run Behavior\ReadHtmlCacheBehavior [ RunTime:0.000729s ]
INFO: [ app_begin ] --END-- [ RunTime:0.000781s ]
NOTIC: [2048] Declaration of Think\Db\Driver\Mongo::connect() should be compatible with Think\Db\Driver::connect($config = '', $linkNum = 0, $autoConnection = false) F:\xampp\htdocs\NewWorld\FEBE-mongodb\BackEnd\ThinkPHP\Library\Think\Db\Driver\Mongo.class.php ç¬¬ 18 è¡Œ.
NOTIC: [2048] Declaration of Think\Db\Driver\Mongo::insertAll() should be compatible with Think\Db\Driver::insertAll($dataSet, $options = Array, $replace = false) F:\xampp\htdocs\NewWorld\FEBE-mongodb\BackEnd\ThinkPHP\Library\Think\Db\Driver\Mongo.class.php ç¬¬ 18 è¡Œ.
ERR: Failed to connect to: localhost:27017: ÓÉÓÚÄ¿±ê¼ÆËã»ú»ý¼«¾Ü¾ø£¬ÎÞ·¨Á¬½Ó¡£


[ 2016-12-20T10:59:44+08:00 ] ::1 /NewWorld/FEBE-mongodb/BackEnd/
INFO: [ app_init ] --START--
INFO: Run Behavior\BuildLiteBehavior [ RunTime:0.000015s ]
INFO: [ app_init ] --END-- [ RunTime:0.000535s ]
INFO: [ app_begin ] --START--
INFO: Run Behavior\ReadHtmlCacheBehavior [ RunTime:0.000850s ]
INFO: [ app_begin ] --END-- [ RunTime:0.000934s ]
NOTIC: [2048] Declaration of Think\Db\Driver\Mongo::connect() should be compatible with Think\Db\Driver::connect($config = '', $linkNum = 0, $autoConnection = false) F:\xampp\htdocs\NewWorld\FEBE-mongodb\BackEnd\ThinkPHP\Library\Think\Db\Driver\Mongo.class.php ç¬¬ 18 è¡Œ.
NOTIC: [2048] Declaration of Think\Db\Driver\Mongo::insertAll() should be compatible with Think\Db\Driver::insertAll($dataSet, $options = Array, $replace = false) F:\xampp\htdocs\NewWorld\FEBE-mongodb\BackEnd\ThinkPHP\Library\Think\Db\Driver\Mongo.class.php ç¬¬ 18 è¡Œ.

[ 2016-12-20T11:03:55+08:00 ] ::1 /NewWorld/FEBE-mongodb/BackEnd/
INFO: [ app_init ] --START--
INFO: Run Behavior\BuildLiteBehavior [ RunTime:0.000018s ]
INFO: [ app_init ] --END-- [ RunTime:0.032175s ]
INFO: [ app_begin ] --START--
INFO: Run Behavior\ReadHtmlCacheBehavior [ RunTime:0.048944s ]
INFO: [ app_begin ] --END-- [ RunTime:0.049030s ]
NOTIC: [2048] Declaration of Think\Model\MongoModel::setInc() should be compatible with Think\Model::setInc($field, $step = 1, $lazyTime = 0) F:\xampp\htdocs\NewWorld\FEBE-mongodb\BackEnd\ThinkPHP\Library\Think\Model\MongoModel.class.php ç¬¬ 17 è¡Œ.
NOTIC: [2048] Declaration of Think\Model\MongoModel::setDec() should be compatible with Think\Model::setDec($field, $step = 1, $lazyTime = 0) F:\xampp\htdocs\NewWorld\FEBE-mongodb\BackEnd\ThinkPHP\Library\Think\Model\MongoModel.class.php ç¬¬ 17 è¡Œ.
NOTIC: [2048] Declaration of Think\Db\Driver\Mongo::connect() should be compatible with Think\Db\Driver::connect($config = '', $linkNum = 0, $autoConnection = false) F:\xampp\htdocs\NewWorld\FEBE-mongodb\BackEnd\ThinkPHP\Library\Think\Db\Driver\Mongo.class.php ç¬¬ 18 è¡Œ.
NOTIC: [2048] Declaration of Think\Db\Driver\Mongo::insertAll() should be compatible with Think\Db\Driver::insertAll($dataSet, $options = Array, $replace = false) F:\xampp\htdocs\NewWorld\FEBE-mongodb\BackEnd\ThinkPHP\Library\Think\Db\Driver\Mongo.class.php ç¬¬ 18 è¡Œ.
SQL: music.getCollection(app_index) [ RunTime:0.0080s ]
INFO: [ app_end ] --START--
INFO: Run Behavior\ShowPageTraceBehavior [ RunTime:0.034689s ]
INFO: [ app_end ] --END-- [ RunTime:0.034761s ]

[ 2016-12-20T11:04:54+08:00 ] ::1 /NewWorld/FEBE-mongodb/BackEnd/
INFO: [ app_init ] --START--
INFO: Run Behavior\BuildLiteBehavior [ RunTime:0.000018s ]
INFO: [ app_init ] --END-- [ RunTime:0.000603s ]
INFO: [ app_begin ] --START--
INFO: Run Behavior\ReadHtmlCacheBehavior [ RunTime:0.000622s ]
INFO: [ app_begin ] --END-- [ RunTime:0.000678s ]
NOTIC: [2048] Declaration of Think\Model\MongoModel::setInc() should be compatible with Think\Model::setInc($field, $step = 1, $lazyTime = 0) F:\xampp\htdocs\NewWorld\FEBE-mongodb\BackEnd\ThinkPHP\Library\Think\Model\MongoModel.class.php ç¬¬ 17 è¡Œ.
NOTIC: [2048] Declaration of Think\Model\MongoModel::setDec() should be compatible with Think\Model::setDec($field, $step = 1, $lazyTime = 0) F:\xampp\htdocs\NewWorld\FEBE-mongodb\BackEnd\ThinkPHP\Library\Think\Model\MongoModel.class.php ç¬¬ 17 è¡Œ.
NOTIC: [2048] Declaration of Think\Db\Driver\Mongo::connect() should be compatible with Think\Db\Driver::connect($config = '', $linkNum = 0, $autoConnection = false) F:\xampp\htdocs\NewWorld\FEBE-mongodb\BackEnd\ThinkPHP\Library\Think\Db\Driver\Mongo.class.php ç¬¬ 18 è¡Œ.
NOTIC: [2048] Declaration of Think\Db\Driver\Mongo::insertAll() should be compatible with Think\Db\Driver::insertAll($dataSet, $options = Array, $replace = false) F:\xampp\htdocs\NewWorld\FEBE-mongodb\BackEnd\ThinkPHP\Library\Think\Db\Driver\Mongo.class.php ç¬¬ 18 è¡Œ.
SQL: music.getCollection(app_mongo) [ RunTime:0.0000s ]
INFO: [ app_end ] --START--
INFO: Run Behavior\ShowPageTraceBehavior [ RunTime:0.001185s ]
INFO: [ app_end ] --END-- [ RunTime:0.001268s ]

[ 2016-12-20T11:10:29+08:00 ] ::1 /NewWorld/FEBE-mongodb/BackEnd/
INFO: [ app_init ] --START--
INFO: Run Behavior\BuildLiteBehavior [ RunTime:0.000018s ]
INFO: [ app_init ] --END-- [ RunTime:0.015660s ]
INFO: [ app_begin ] --START--
INFO: Run Behavior\ReadHtmlCacheBehavior [ RunTime:0.094306s ]
INFO: [ app_begin ] --END-- [ RunTime:0.094387s ]
NOTIC: [2048] Declaration of Think\Model\MongoModel::setInc() should be compatible with Think\Model::setInc($field, $step = 1, $lazyTime = 0) F:\xampp\htdocs\NewWorld\FEBE-mongodb\BackEnd\ThinkPHP\Library\Think\Model\MongoModel.class.php ç¬¬ 17 è¡Œ.
NOTIC: [2048] Declaration of Think\Model\MongoModel::setDec() should be compatible with Think\Model::setDec($field, $step = 1, $lazyTime = 0) F:\xampp\htdocs\NewWorld\FEBE-mongodb\BackEnd\ThinkPHP\Library\Think\Model\MongoModel.class.php ç¬¬ 17 è¡Œ.
NOTIC: [2048] Declaration of Think\Db\Driver\Mongo::connect() should be compatible with Think\Db\Driver::connect($config = '', $linkNum = 0, $autoConnection = false) F:\xampp\htdocs\NewWorld\FEBE-mongodb\BackEnd\ThinkPHP\Library\Think\Db\Driver\Mongo.class.php ç¬¬ 18 è¡Œ.
NOTIC: [2048] Declaration of Think\Db\Driver\Mongo::insertAll() should be compatible with Think\Db\Driver::insertAll($dataSet, $options = Array, $replace = false) F:\xampp\htdocs\NewWorld\FEBE-mongodb\BackEnd\ThinkPHP\Library\Think\Db\Driver\Mongo.class.php ç¬¬ 18 è¡Œ.
SQL: music.getCollection(app_music) [ RunTime:0.0000s ]
SQL: music.app_music.find({"music_id":2}) [ RunTime:0.0540s ]

[ 2016-12-20T20:21:59+08:00 ] ::1 /NewWorld/FEBE-mongodb/BackEnd/
INFO: [ app_init ] --START--
INFO: Run Behavior\BuildLiteBehavior [ RunTime:0.000018s ]
INFO: [ app_init ] --END-- [ RunTime:0.032543s ]
INFO: [ app_begin ] --START--
INFO: Run Behavior\ReadHtmlCacheBehavior [ RunTime:0.001175s ]
INFO: [ app_begin ] --END-- [ RunTime:0.001245s ]
NOTIC: [2048] Declaration of Think\Model\MongoModel::setInc() should be compatible with Think\Model::setInc($field, $step = 1, $lazyTime = 0) F:\xampp\htdocs\NewWorld\FEBE-mongodb\BackEnd\ThinkPHP\Library\Think\Model\MongoModel.class.php ç¬¬ 17 è¡Œ.
NOTIC: [2048] Declaration of Think\Model\MongoModel::setDec() should be compatible with Think\Model::setDec($field, $step = 1, $lazyTime = 0) F:\xampp\htdocs\NewWorld\FEBE-mongodb\BackEnd\ThinkPHP\Library\Think\Model\MongoModel.class.php ç¬¬ 17 è¡Œ.
NOTIC: [2048] Declaration of Think\Db\Driver\Mongo::connect() should be compatible with Think\Db\Driver::connect($config = '', $linkNum = 0, $autoConnection = false) F:\xampp\htdocs\NewWorld\FEBE-mongodb\BackEnd\ThinkPHP\Library\Think\Db\Driver\Mongo.class.php ç¬¬ 18 è¡Œ.
NOTIC: [2048] Declaration of Think\Db\Driver\Mongo::insertAll() should be compatible with Think\Db\Driver::insertAll($dataSet, $options = Array, $replace = false) F:\xampp\htdocs\NewWorld\FEBE-mongodb\BackEnd\ThinkPHP\Library\Think\Db\Driver\Mongo.class.php ç¬¬ 18 è¡Œ.
SQL: music.getCollection(app_music) [ RunTime:0.0000s ]
SQL: music.app_music.find({"music_id":2}) [ RunTime:0.0000s ]

[ 2016-12-20T21:13:39+08:00 ] ::1 /NewWorld/FEBE-mongodb/BackEnd/
INFO: [ app_init ] --START--
INFO: Run Behavior\BuildLiteBehavior [ RunTime:0.000022s ]
INFO: [ app_init ] --END-- [ RunTime:0.001246s ]
INFO: [ app_begin ] --START--
INFO: Run Behavior\ReadHtmlCacheBehavior [ RunTime:0.001653s ]
INFO: [ app_begin ] --END-- [ RunTime:0.001719s ]
NOTIC: [2048] Declaration of Think\Model\MongoModel::setInc() should be compatible with Think\Model::setInc($field, $step = 1, $lazyTime = 0) F:\xampp\htdocs\NewWorld\FEBE-mongodb\BackEnd\ThinkPHP\Library\Think\Model\MongoModel.class.php ç¬¬ 17 è¡Œ.
NOTIC: [2048] Declaration of Think\Model\MongoModel::setDec() should be compatible with Think\Model::setDec($field, $step = 1, $lazyTime = 0) F:\xampp\htdocs\NewWorld\FEBE-mongodb\BackEnd\ThinkPHP\Library\Think\Model\MongoModel.class.php ç¬¬ 17 è¡Œ.
NOTIC: [2048] Declaration of Think\Db\Driver\Mongo::connect() should be compatible with Think\Db\Driver::connect($config = '', $linkNum = 0, $autoConnection = false) F:\xampp\htdocs\NewWorld\FEBE-mongodb\BackEnd\ThinkPHP\Library\Think\Db\Driver\Mongo.class.php ç¬¬ 18 è¡Œ.
NOTIC: [2048] Declaration of Think\Db\Driver\Mongo::insertAll() should be compatible with Think\Db\Driver::insertAll($dataSet, $options = Array, $replace = false) F:\xampp\htdocs\NewWorld\FEBE-mongodb\BackEnd\ThinkPHP\Library\Think\Db\Driver\Mongo.class.php ç¬¬ 18 è¡Œ.
SQL: music.getCollection(app_music) [ RunTime:0.0001s ]
SQL: music.app_music.find({"music_id":2}) [ RunTime:0.0000s ]

[ 2016-12-20T21:13:51+08:00 ] ::1 /NewWorld/FEBE-mongodb/BackEnd/
INFO: [ app_init ] --START--
INFO: Run Behavior\BuildLiteBehavior [ RunTime:0.000015s ]
INFO: [ app_init ] --END-- [ RunTime:0.000641s ]
INFO: [ app_begin ] --START--
INFO: Run Behavior\ReadHtmlCacheBehavior [ RunTime:0.000858s ]
INFO: [ app_begin ] --END-- [ RunTime:0.000911s ]
NOTIC: [2048] Declaration of Think\Model\MongoModel::setInc() should be compatible with Think\Model::setInc($field, $step = 1, $lazyTime = 0) F:\xampp\htdocs\NewWorld\FEBE-mongodb\BackEnd\ThinkPHP\Library\Think\Model\MongoModel.class.php ç¬¬ 17 è¡Œ.
NOTIC: [2048] Declaration of Think\Model\MongoModel::setDec() should be compatible with Think\Model::setDec($field, $step = 1, $lazyTime = 0) F:\xampp\htdocs\NewWorld\FEBE-mongodb\BackEnd\ThinkPHP\Library\Think\Model\MongoModel.class.php ç¬¬ 17 è¡Œ.
NOTIC: [2048] Declaration of Think\Db\Driver\Mongo::connect() should be compatible with Think\Db\Driver::connect($config = '', $linkNum = 0, $autoConnection = false) F:\xampp\htdocs\NewWorld\FEBE-mongodb\BackEnd\ThinkPHP\Library\Think\Db\Driver\Mongo.class.php ç¬¬ 18 è¡Œ.
NOTIC: [2048] Declaration of Think\Db\Driver\Mongo::insertAll() should be compatible with Think\Db\Driver::insertAll($dataSet, $options = Array, $replace = false) F:\xampp\htdocs\NewWorld\FEBE-mongodb\BackEnd\ThinkPHP\Library\Think\Db\Driver\Mongo.class.php ç¬¬ 18 è¡Œ.
SQL: music.getCollection(app_music) [ RunTime:0.0000s ]
NOTIC: [8] Undefined variable: map F:\xampp\htdocs\NewWorld\FEBE-mongodb\BackEnd\Application\Home\Controller\IndexController.class.php ç¬¬ 23 è¡Œ.
SQL: music.app_music.find({}) [ RunTime:0.0000s ]

[ 2016-12-20T21:13:58+08:00 ] ::1 /NewWorld/FEBE-mongodb/BackEnd/
INFO: [ app_init ] --START--
INFO: Run Behavior\BuildLiteBehavior [ RunTime:0.000016s ]
INFO: [ app_init ] --END-- [ RunTime:0.000822s ]
INFO: [ app_begin ] --START--
INFO: Run Behavior\ReadHtmlCacheBehavior [ RunTime:0.000912s ]
INFO: [ app_begin ] --END-- [ RunTime:0.000966s ]
NOTIC: [2048] Declaration of Think\Model\MongoModel::setInc() should be compatible with Think\Model::setInc($field, $step = 1, $lazyTime = 0) F:\xampp\htdocs\NewWorld\FEBE-mongodb\BackEnd\ThinkPHP\Library\Think\Model\MongoModel.class.php ç¬¬ 17 è¡Œ.
NOTIC: [2048] Declaration of Think\Model\MongoModel::setDec() should be compatible with Think\Model::setDec($field, $step = 1, $lazyTime = 0) F:\xampp\htdocs\NewWorld\FEBE-mongodb\BackEnd\ThinkPHP\Library\Think\Model\MongoModel.class.php ç¬¬ 17 è¡Œ.
NOTIC: [2048] Declaration of Think\Db\Driver\Mongo::connect() should be compatible with Think\Db\Driver::connect($config = '', $linkNum = 0, $autoConnection = false) F:\xampp\htdocs\NewWorld\FEBE-mongodb\BackEnd\ThinkPHP\Library\Think\Db\Driver\Mongo.class.php ç¬¬ 18 è¡Œ.
NOTIC: [2048] Declaration of Think\Db\Driver\Mongo::insertAll() should be compatible with Think\Db\Driver::insertAll($dataSet, $options = Array, $replace = false) F:\xampp\htdocs\NewWorld\FEBE-mongodb\BackEnd\ThinkPHP\Library\Think\Db\Driver\Mongo.class.php ç¬¬ 18 è¡Œ.
SQL: music.getCollection(app_music) [ RunTime:0.0000s ]
SQL: music.app_music.find({}) [ RunTime:0.0000s ]

[ 2016-12-20T21:17:21+08:00 ] ::1 /NewWorld/FEBE-mongodb/BackEnd/
INFO: [ app_init ] --START--
INFO: Run Behavior\BuildLiteBehavior [ RunTime:0.000023s ]
INFO: [ app_init ] --END-- [ RunTime:0.001115s ]
INFO: [ app_begin ] --START--
INFO: Run Behavior\ReadHtmlCacheBehavior [ RunTime:0.001745s ]
INFO: [ app_begin ] --END-- [ RunTime:0.001848s ]
NOTIC: [2048] Declaration of Think\Model\MongoModel::setInc() should be compatible with Think\Model::setInc($field, $step = 1, $lazyTime = 0) F:\xampp\htdocs\NewWorld\FEBE-mongodb\BackEnd\ThinkPHP\Library\Think\Model\MongoModel.class.php ç¬¬ 17 è¡Œ.
NOTIC: [2048] Declaration of Think\Model\MongoModel::setDec() should be compatible with Think\Model::setDec($field, $step = 1, $lazyTime = 0) F:\xampp\htdocs\NewWorld\FEBE-mongodb\BackEnd\ThinkPHP\Library\Think\Model\MongoModel.class.php ç¬¬ 17 è¡Œ.
NOTIC: [2048] Declaration of Think\Db\Driver\Mongo::connect() should be compatible with Think\Db\Driver::connect($config = '', $linkNum = 0, $autoConnection = false) F:\xampp\htdocs\NewWorld\FEBE-mongodb\BackEnd\ThinkPHP\Library\Think\Db\Driver\Mongo.class.php ç¬¬ 18 è¡Œ.
NOTIC: [2048] Declaration of Think\Db\Driver\Mongo::insertAll() should be compatible with Think\Db\Driver::insertAll($dataSet, $options = Array, $replace = false) F:\xampp\htdocs\NewWorld\FEBE-mongodb\BackEnd\ThinkPHP\Library\Think\Db\Driver\Mongo.class.php ç¬¬ 18 è¡Œ.
SQL: music.getCollection(music) [ RunTime:0.0000s ]
SQL: music.music.find({}) [ RunTime:0.0000s ]

