[ 2016-12-19T23:08:00+08:00 ] ::1 /NewWorld/FEBE/BackEnd/
INFO: [ app_init ] --START--
INFO: Run Behavior\BuildLiteBehavior [ RunTime:0.000026s ]
INFO: [ app_init ] --END-- [ RunTime:0.024164s ]
INFO: [ app_begin ] --START--
INFO: Run Behavior\ReadHtmlCacheBehavior [ RunTime:0.001147s ]
INFO: [ app_begin ] --END-- [ RunTime:0.001215s ]
ERR: SQLSTATE[HY000] [2002] ”…”⁄ƒø±Íº∆À„ª˙ª˝º´æ‹æ¯£¨Œﬁ∑®¡¨Ω”°£


[ 2016-12-19T23:08:46+08:00 ] ::1 /NewWorld/FEBE/BackEnd/index.php/Home/Index/getNews
INFO: [ app_init ] --START--
INFO: Run Behavior\BuildLiteBehavior [ RunTime:0.000017s ]
INFO: [ app_init ] --END-- [ RunTime:0.000621s ]
INFO: [ app_begin ] --START--
INFO: Run Behavior\ReadHtmlCacheBehavior [ RunTime:0.000908s ]
INFO: [ app_begin ] --END-- [ RunTime:0.000986s ]
ERR: SQLSTATE[HY000] [2002] ”…”⁄ƒø±Íº∆À„ª˙ª˝º´æ‹æ¯£¨Œﬁ∑®¡¨Ω”°£


[ 2016-12-19T23:08:49+08:00 ] ::1 /NewWorld/FEBE/BackEnd/index.php/Home/Music/getList?data=0
INFO: [ app_init ] --START--
INFO: Run Behavior\BuildLiteBehavior [ RunTime:0.000020s ]
INFO: [ app_init ] --END-- [ RunTime:0.000783s ]
INFO: [ app_begin ] --START--
INFO: Run Behavior\ReadHtmlCacheBehavior [ RunTime:0.001058s ]
INFO: [ app_begin ] --END-- [ RunTime:0.001142s ]
NOTIC: [8] Undefined variable: GET F:\xampp\htdocs\NewWorld\FEBE\BackEnd\Application\Home\Controller\MusicController.class.php Á¨¨ 22 Ë°å.
ERR: SQLSTATE[HY000] [2002] ”…”⁄ƒø±Íº∆À„ª˙ª˝º´æ‹æ¯£¨Œﬁ∑®¡¨Ω”°£


[ 2016-12-19T23:08:51+08:00 ] ::1 /NewWorld/FEBE/BackEnd/index.php/Home/Music/getList?data=1
INFO: [ app_init ] --START--
INFO: Run Behavior\BuildLiteBehavior [ RunTime:0.000018s ]
INFO: [ app_init ] --END-- [ RunTime:0.000855s ]
INFO: [ app_begin ] --START--
INFO: Run Behavior\ReadHtmlCacheBehavior [ RunTime:0.001682s ]
INFO: [ app_begin ] --END-- [ RunTime:0.001790s ]
NOTIC: [8] Undefined variable: GET F:\xampp\htdocs\NewWorld\FEBE\BackEnd\Application\Home\Controller\MusicController.class.php Á¨¨ 22 Ë°å.
ERR: SQLSTATE[HY000] [2002] ”…”⁄ƒø±Íº∆À„ª˙ª˝º´æ‹æ¯£¨Œﬁ∑®¡¨Ω”°£


[ 2016-12-19T23:08:53+08:00 ] ::1 /NewWorld/FEBE/BackEnd/index.php/Home/Music/getList?data=2
INFO: [ app_init ] --START--
INFO: Run Behavior\BuildLiteBehavior [ RunTime:0.000016s ]
INFO: [ app_init ] --END-- [ RunTime:0.000705s ]
INFO: [ app_begin ] --START--
INFO: Run Behavior\ReadHtmlCacheBehavior [ RunTime:0.001095s ]
INFO: [ app_begin ] --END-- [ RunTime:0.001202s ]
NOTIC: [8] Undefined variable: GET F:\xampp\htdocs\NewWorld\FEBE\BackEnd\Application\Home\Controller\MusicController.class.php Á¨¨ 22 Ë°å.
ERR: SQLSTATE[HY000] [2002] ”…”⁄ƒø±Íº∆À„ª˙ª˝º´æ‹æ¯£¨Œﬁ∑®¡¨Ω”°£


[ 2016-12-19T23:21:46+08:00 ] ::1 /NewWorld/FEBE-mongodb/BackEnd/
INFO: [ app_init ] --START--
INFO: Run Behavior\BuildLiteBehavior [ RunTime:0.000015s ]
INFO: [ app_init ] --END-- [ RunTime:0.000895s ]
INFO: [ app_begin ] --START--
INFO: Run Behavior\ReadHtmlCacheBehavior [ RunTime:0.001363s ]
INFO: [ app_begin ] --END-- [ RunTime:0.001436s ]
NOTIC: [2048] Declaration of Think\Db\Driver\Mongo::connect() should be compatible with Think\Db\Driver::connect($config = '', $linkNum = 0, $autoConnection = false) F:\xampp\htdocs\NewWorld\FEBE-mongodb\BackEnd\ThinkPHP\Library\Think\Db\Driver\Mongo.class.php Á¨¨ 18 Ë°å.
NOTIC: [2048] Declaration of Think\Db\Driver\Mongo::insertAll() should be compatible with Think\Db\Driver::insertAll($dataSet, $options = Array, $replace = false) F:\xampp\htdocs\NewWorld\FEBE-mongodb\BackEnd\ThinkPHP\Library\Think\Db\Driver\Mongo.class.php Á¨¨ 18 Ë°å.
ERR: Á≥ªÁªü‰∏çÊîØÊåÅ:Mongo

[ 2016-12-19T23:22:13+08:00 ] ::1 /NewWorld/FEBE-mongodb/BackEnd/
INFO: [ app_init ] --START--
INFO: Run Behavior\BuildLiteBehavior [ RunTime:0.000015s ]
INFO: [ app_init ] --END-- [ RunTime:0.000619s ]
INFO: [ app_begin ] --START--
INFO: Run Behavior\ReadHtmlCacheBehavior [ RunTime:0.001016s ]
INFO: [ app_begin ] --END-- [ RunTime:0.001081s ]
NOTIC: [2048] Declaration of Think\Db\Driver\Mongo::connect() should be compatible with Think\Db\Driver::connect($config = '', $linkNum = 0, $autoConnection = false) F:\xampp\htdocs\NewWorld\FEBE-mongodb\BackEnd\ThinkPHP\Library\Think\Db\Driver\Mongo.class.php Á¨¨ 18 Ë°å.
NOTIC: [2048] Declaration of Think\Db\Driver\Mongo::insertAll() should be compatible with Think\Db\Driver::insertAll($dataSet, $options = Array, $replace = false) F:\xampp\htdocs\NewWorld\FEBE-mongodb\BackEnd\ThinkPHP\Library\Think\Db\Driver\Mongo.class.php Á¨¨ 18 Ë°å.
ERR: Á≥ªÁªü‰∏çÊîØÊåÅ:Mongo

[ 2016-12-19T23:41:24+08:00 ] ::1 /NewWorld/FEBE-mongodb/BackEnd/
INFO: [ app_init ] --START--
INFO: Run Behavior\BuildLiteBehavior [ RunTime:0.000047s ]
INFO: [ app_init ] --END-- [ RunTime:0.001145s ]
INFO: [ app_begin ] --START--
INFO: Run Behavior\ReadHtmlCacheBehavior [ RunTime:0.001208s ]
INFO: [ app_begin ] --END-- [ RunTime:0.001296s ]
NOTIC: [2048] Declaration of Think\Db\Driver\Mongo::connect() should be compatible with Think\Db\Driver::connect($config = '', $linkNum = 0, $autoConnection = false) F:\xampp\htdocs\NewWorld\FEBE-mongodb\BackEnd\ThinkPHP\Library\Think\Db\Driver\Mongo.class.php Á¨¨ 18 Ë°å.
NOTIC: [2048] Declaration of Think\Db\Driver\Mongo::insertAll() should be compatible with Think\Db\Driver::insertAll($dataSet, $options = Array, $replace = false) F:\xampp\htdocs\NewWorld\FEBE-mongodb\BackEnd\ThinkPHP\Library\Think\Db\Driver\Mongo.class.php Á¨¨ 18 Ë°å.
ERR: Á≥ªÁªü‰∏çÊîØÊåÅ:Mongo

